22/05/2023 22:13:05 - Laser lado direito:  iniciado
22/05/2023 22:13:05 - Laser lado direito: Sem buffer/cache para enviar do sensor #AB2021DIR
22/05/2023 22:13:06 - Laser lado direito: Porta COM7 não encontrada!
22/05/2023 22:13:06 - Laser lado direito: Porta COM5 não encontrada!
22/05/2023 22:13:07 - Laser lado direito: Porta COM3 não encontrada!
22/05/2023 22:13:21 - Laser lado direito:  encerrado com sucesso
22/05/2023 22:48:59 - Laser lado direito:  iniciado
22/05/2023 22:49:00 - Laser lado direito: Sem buffer/cache para enviar do sensor #AB2021DIR
22/05/2023 22:49:00 - Laser lado direito: Porta COM7 não encontrada!
22/05/2023 22:49:00 - Laser lado direito: Porta COM5 não encontrada!
22/05/2023 22:49:00 - Laser lado direito: Porta COM3 não encontrada!
22/05/2023 22:51:15 - Laser lado direito:  iniciado
22/05/2023 22:51:15 - Laser lado direito: Sem buffer/cache para enviar do sensor #AB2021DIR
22/05/2023 22:51:16 - Laser lado direito: Porta COM7 não encontrada!
22/05/2023 22:51:16 - Laser lado direito: Porta COM5 não encontrada!
22/05/2023 22:51:16 - Laser lado direito: Porta COM3 não encontrada!
22/05/2023 22:51:54 - Laser lado direito:  iniciado
22/05/2023 22:51:54 - Laser lado direito: Sem buffer/cache para enviar do sensor #AB2021DIR
22/05/2023 22:51:54 - Laser lado direito: Porta COM7 não encontrada!
22/05/2023 22:51:54 - Laser lado direito: Porta COM5 não encontrada!
22/05/2023 22:51:54 - Laser lado direito: Porta COM3 não encontrada!
22/05/2023 23:06:33 - Laser lado direito:  iniciado
22/05/2023 23:06:33 - Laser lado direito: Sem buffer/cache para enviar do sensor #AB2021DIR
22/05/2023 23:06:34 - Laser lado direito: Porta COM7 não encontrada!
22/05/2023 23:06:34 - Laser lado direito: Porta COM5 não encontrada!
22/05/2023 23:06:34 - Laser lado direito: Porta COM3 não encontrada!
22/05/2023 23:12:27 - Laser lado direito:  iniciado
22/05/2023 23:12:27 - Laser lado direito: Sem buffer/cache para enviar do sensor #AB2021DIR
22/05/2023 23:12:27 - Laser lado direito: Porta COM7 não encontrada!
22/05/2023 23:12:27 - Laser lado direito: Porta COM5 não encontrada!
22/05/2023 23:12:27 - Laser lado direito: Porta COM3 não encontrada!
22/05/2023 23:14:19 - Laser lado direito:  iniciado
22/05/2023 23:14:19 - Laser lado direito: Sem buffer/cache para enviar do sensor #AB2021DIR
22/05/2023 23:14:20 - Laser lado direito: Porta COM7 não encontrada!
22/05/2023 23:14:20 - Laser lado direito: Porta COM5 não encontrada!
22/05/2023 23:14:20 - Laser lado direito: Porta COM3 não encontrada!
22/05/2023 23:17:29 - Laser lado direito:  iniciado
22/05/2023 23:17:29 - Laser lado direito: Sem buffer/cache para enviar do sensor #AB2021DIR
22/05/2023 23:17:29 - Laser lado direito: Porta COM7 não encontrada!
22/05/2023 23:17:29 - Laser lado direito: Porta COM5 não encontrada!
22/05/2023 23:17:29 - Laser lado direito: Porta COM3 não encontrada!
22/05/2023 23:18:05 - Laser lado direito:  encerrado com sucesso
22/05/2023 23:18:17 - Laser lado direito:  iniciado
22/05/2023 23:18:17 - Laser lado direito: Sem buffer/cache para enviar do sensor #AB2021DIR
22/05/2023 23:18:18 - Laser lado direito: Porta COM7 não encontrada!
22/05/2023 23:18:18 - Laser lado direito: Porta COM5 não encontrada!
22/05/2023 23:18:18 - Laser lado direito: Porta COM3 não encontrada!
22/05/2023 23:18:22 - Laser lado direito:  encerrado com sucesso
22/05/2023 23:22:32 - Laser lado direito:  iniciado
22/05/2023 23:22:32 - Laser lado direito: Sem buffer/cache para enviar do sensor #AB2021DIR
22/05/2023 23:22:32 - Laser lado direito: Porta COM7 não encontrada!
22/05/2023 23:22:32 - Laser lado direito: Porta COM5 não encontrada!
22/05/2023 23:22:32 - Laser lado direito: Porta COM3 não encontrada!
22/05/2023 23:23:15 - Laser lado direito:  encerrado com sucesso
22/05/2023 23:25:04 - Laser lado direito:  iniciado
22/05/2023 23:25:04 - Laser lado direito: Sem buffer/cache para enviar do sensor #AB2021DIR
22/05/2023 23:25:04 - Laser lado direito: Porta COM7 não encontrada!
22/05/2023 23:25:04 - Laser lado direito: Porta COM5 não encontrada!
22/05/2023 23:25:04 - Laser lado direito: Porta COM3 não encontrada!
22/05/2023 23:25:47 - Laser lado direito:  encerrado com sucesso
23/05/2023 00:38:51 - Laser lado direito:  iniciado
23/05/2023 00:38:51 - Laser lado direito: Sem buffer/cache para enviar do sensor #AB2021DIR
23/05/2023 00:38:53 - Laser lado direito: Porta COM7 não encontrada!
23/05/2023 00:38:53 - Laser lado direito: Porta COM5 não encontrada!
23/05/2023 00:38:53 - Laser lado direito: Porta COM3 não encontrada!
23/05/2023 00:40:49 - Laser lado direito:  encerrado com sucesso
23/05/2023 00:41:44 - Laser lado direito:  iniciado
23/05/2023 00:41:44 - Laser lado direito: Sem buffer/cache para enviar do sensor #AB2021DIR
23/05/2023 00:41:45 - Laser lado direito: Porta COM7 não encontrada!
23/05/2023 00:41:45 - Laser lado direito: Porta COM5 não encontrada!
23/05/2023 00:41:46 - Laser lado direito: Porta COM3 aberta com sucesso!
23/05/2023 00:48:33 - Laser lado direito:  iniciado
23/05/2023 00:48:33 - Laser lado direito: Sem buffer/cache para enviar do sensor #AB2021DIR
23/05/2023 00:48:34 - Laser lado direito: Porta COM7 não encontrada!
23/05/2023 00:48:35 - Laser lado direito: Porta COM5 não encontrada!
23/05/2023 00:48:35 - Laser lado direito: Porta COM3 aberta com sucesso!
23/05/2023 00:49:30 - Laser lado direito:  encerrado com sucesso
23/05/2023 00:49:34 - Laser lado direito: Porta COM3 não encontrada!
23/05/2023 00:49:37 - Laser lado direito: Porta COM7 não encontrada!
23/05/2023 00:49:37 - Laser lado direito: Porta COM5 não encontrada!
23/05/2023 00:49:38 - Laser lado direito: Porta COM3 aberta com sucesso!
23/05/2023 00:50:45 - Laser lado direito:  iniciado
23/05/2023 00:50:45 - Laser lado direito: Sem buffer/cache para enviar do sensor #AB2021DIR
23/05/2023 00:50:47 - Laser lado direito: Porta COM7 não encontrada!
23/05/2023 00:50:47 - Laser lado direito: Porta COM5 não encontrada!
23/05/2023 00:50:47 - Laser lado direito: Porta COM3 aberta com sucesso!
23/05/2023 00:50:57 - Laser lado direito:  encerrado com sucesso
23/05/2023 00:51:07 - Laser lado direito:  iniciado
23/05/2023 00:51:07 - Laser lado direito: Sem buffer/cache para enviar do sensor #AB2021DIR
23/05/2023 00:51:08 - Laser lado direito: Porta COM7 não encontrada!
23/05/2023 00:51:08 - Laser lado direito: Porta COM5 não encontrada!
23/05/2023 00:51:09 - Laser lado direito: Porta COM3 aberta com sucesso!
23/05/2023 00:53:54 - Laser lado direito:  encerrado com sucesso
